# JRE version: OpenJDK Runtime Environment (8.0_242-b01) (build 1.8.0_242-release-1644-b01)
# Java VM: OpenJDK 64-Bit Server VM (25.242-b01 mixed mode windows-amd64 compressed oops)
Heap:
 PSYoungGen      total 439808K, used 62346K [0x00000000d5580000, 0x00000000fce80000, 0x0000000100000000)
  eden space 408064K, 7% used [0x00000000d5580000,0x00000000d7369ed8,0x00000000ee400000)
  from space 31744K, 99% used [0x00000000ee400000,0x00000000f02f8960,0x00000000f0300000)
  to   space 43520K, 0% used [0x00000000fa400000,0x00000000fa400000,0x00000000fce80000)
 ParOldGen       total 104448K, used 80923K [0x0000000080000000, 0x0000000086600000, 0x00000000d5580000)
  object space 104448K, 77% used [0x0000000080000000,0x0000000084f06e48,0x0000000086600000)
 Metaspace       used 98758K, capacity 103432K, committed 103640K, reserved 1138688K
  class space    used 12960K, capacity 13963K, committed 14080K, reserved 1048576K
GC Heap History (10 events):
Event: 46.054 GC heap before
{Heap before GC invocations=15 (full 3):
 PSYoungGen      total 307200K, used 15330K [0x00000000d5580000, 0x00000000e9f00000, 0x0000000100000000)
  eden space 291840K, 0% used [0x00000000d5580000,0x00000000d5580000,0x00000000e7280000)
  from space 15360K, 99% used [0x00000000e8800000,0x00000000e96f8ae0,0x00000000e9700000)
  to   space 22016K, 0% used [0x00000000e7280000,0x00000000e7280000,0x00000000e8800000)
 ParOldGen       total 38912K, used 29194K [0x0000000080000000, 0x0000000082600000, 0x00000000d5580000)
  object space 38912K, 75% used [0x0000000080000000,0x0000000081c82ad8,0x0000000082600000)
 Metaspace       used 56593K, capacity 59044K, committed 59096K, reserved 1099776K
  class space    used 7416K, capacity 7891K, committed 7936K, reserved 1048576K
Event: 46.720 GC heap after
Heap after GC invocations=15 (full 3):
 PSYoungGen      total 307200K, used 0K [0x00000000d5580000, 0x00000000e9f00000, 0x0000000100000000)
  eden space 291840K, 0% used [0x00000000d5580000,0x00000000d5580000,0x00000000e7280000)
  from space 15360K, 0% used [0x00000000e8800000,0x00000000e8800000,0x00000000e9700000)
  to   space 22016K, 0% used [0x00000000e7280000,0x00000000e7280000,0x00000000e8800000)
 ParOldGen       total 70144K, used 38391K [0x0000000080000000, 0x0000000084480000, 0x00000000d5580000)
  object space 70144K, 54% used [0x0000000080000000,0x000000008257df68,0x0000000084480000)
 Metaspace       used 56498K, capacity 58804K, committed 59096K, reserved 1099776K
  class space    used 7390K, capacity 7860K, committed 7936K, reserved 1048576K
}
Event: 62.763 GC heap before
{Heap before GC invocations=16 (full 3):
 PSYoungGen      total 307200K, used 291840K [0x00000000d5580000, 0x00000000e9f00000, 0x0000000100000000)
  eden space 291840K, 100% used [0x00000000d5580000,0x00000000e7280000,0x00000000e7280000)
  from space 15360K, 0% used [0x00000000e8800000,0x00000000e8800000,0x00000000e9700000)
  to   space 22016K, 0% used [0x00000000e7280000,0x00000000e7280000,0x00000000e8800000)
 ParOldGen       total 70144K, used 38391K [0x0000000080000000, 0x0000000084480000, 0x00000000d5580000)
  object space 70144K, 54% used [0x0000000080000000,0x000000008257df68,0x0000000084480000)
 Metaspace       used 74003K, capacity 77624K, committed 77912K, reserved 1116160K
  class space    used 10074K, capacity 10799K, committed 10880K, reserved 1048576K
Event: 62.858 GC heap after
Heap after GC invocations=16 (full 3):
 PSYoungGen      total 313856K, used 21984K [0x00000000d5580000, 0x00000000f2300000, 0x0000000100000000)
  eden space 291840K, 0% used [0x00000000d5580000,0x00000000d5580000,0x00000000e7280000)
  from space 22016K, 99% used [0x00000000e7280000,0x00000000e87f8340,0x00000000e8800000)
  to   space 27648K, 0% used [0x00000000f0800000,0x00000000f0800000,0x00000000f2300000)
 ParOldGen       total 70144K, used 43638K [0x0000000080000000, 0x0000000084480000, 0x00000000d5580000)
  object space 70144K, 62% used [0x0000000080000000,0x0000000082a9d9f0,0x0000000084480000)
 Metaspace       used 74003K, capacity 77624K, committed 77912K, reserved 1116160K
  class space    used 10074K, capacity 10799K, committed 10880K, reserved 1048576K
}
Event: 145.513 GC heap before
{Heap before GC invocations=17 (full 3):
 PSYoungGen      total 313856K, used 313824K [0x00000000d5580000, 0x00000000f2300000, 0x0000000100000000)
  eden space 291840K, 100% used [0x00000000d5580000,0x00000000e7280000,0x00000000e7280000)
  from space 22016K, 99% used [0x00000000e7280000,0x00000000e87f8340,0x00000000e8800000)
  to   space 27648K, 0% used [0x00000000f0800000,0x00000000f0800000,0x00000000f2300000)
 ParOldGen       total 70144K, used 43638K [0x0000000080000000, 0x0000000084480000, 0x00000000d5580000)
  object space 70144K, 62% used [0x0000000080000000,0x0000000082a9d9f0,0x0000000084480000)
 Metaspace       used 88431K, capacity 92758K, committed 93144K, reserved 1130496K
  class space    used 11747K, capacity 12688K, committed 12800K, reserved 1048576K
Event: 145.683 GC heap after
Heap after GC invocations=17 (full 3):
 PSYoungGen      total 433664K, used 26502K [0x00000000d5580000, 0x00000000f2200000, 0x0000000100000000)
  eden space 407040K, 0% used [0x00000000d5580000,0x00000000d5580000,0x00000000ee300000)
  from space 26624K, 99% used [0x00000000f0800000,0x00000000f21e1918,0x00000000f2200000)
  to   space 31744K, 0% used [0x00000000ee400000,0x00000000ee400000,0x00000000f0300000)
 ParOldGen       total 70144K, used 58666K [0x0000000080000000, 0x0000000084480000, 0x00000000d5580000)
  object space 70144K, 83% used [0x0000000080000000,0x000000008394a970,0x0000000084480000)
 Metaspace       used 88431K, capacity 92758K, committed 93144K, reserved 1130496K
  class space    used 11747K, capacity 12688K, committed 12800K, reserved 1048576K
}
Event: 145.683 GC heap before
{Heap before GC invocations=18 (full 4):
 PSYoungGen      total 433664K, used 26502K [0x00000000d5580000, 0x00000000f2200000, 0x0000000100000000)
  eden space 407040K, 0% used [0x00000000d5580000,0x00000000d5580000,0x00000000ee300000)
  from space 26624K, 99% used [0x00000000f0800000,0x00000000f21e1918,0x00000000f2200000)
  to   space 31744K, 0% used [0x00000000ee400000,0x00000000ee400000,0x00000000f0300000)
 ParOldGen       total 70144K, used 58666K [0x0000000080000000, 0x0000000084480000, 0x00000000d5580000)
  object space 70144K, 83% used [0x0000000080000000,0x000000008394a970,0x0000000084480000)
 Metaspace       used 88431K, capacity 92758K, committed 93144K, reserved 1130496K
  class space    used 11747K, capacity 12688K, committed 12800K, reserved 1048576K
Event: 146.596 GC heap after
Heap after GC invocations=18 (full 4):
 PSYoungGen      total 433664K, used 0K [0x00000000d5580000, 0x00000000f2200000, 0x0000000100000000)
  eden space 407040K, 0% used [0x00000000d5580000,0x00000000d5580000,0x00000000ee300000)
  from space 26624K, 0% used [0x00000000f0800000,0x00000000f0800000,0x00000000f2200000)
  to   space 31744K, 0% used [0x00000000ee400000,0x00000000ee400000,0x00000000f0300000)
 ParOldGen       total 104448K, used 63411K [0x0000000080000000, 0x0000000086600000, 0x00000000d5580000)
  object space 104448K, 60% used [0x0000000080000000,0x0000000083decdc8,0x0000000086600000)
 Metaspace       used 88343K, capacity 92500K, committed 93144K, reserved 1130496K
  class space    used 11720K, capacity 12639K, committed 12800K, reserved 1048576K
}
Event: 227.772 GC heap before
{Heap before GC invocations=19 (full 4):
 PSYoungGen      total 433664K, used 407040K [0x00000000d5580000, 0x00000000f2200000, 0x0000000100000000)
  eden space 407040K, 100% used [0x00000000d5580000,0x00000000ee300000,0x00000000ee300000)
  from space 26624K, 0% used [0x00000000f0800000,0x00000000f0800000,0x00000000f2200000)
  to   space 31744K, 0% used [0x00000000ee400000,0x00000000ee400000,0x00000000f0300000)
 ParOldGen       total 104448K, used 63411K [0x0000000080000000, 0x0000000086600000, 0x00000000d5580000)
  object space 104448K, 60% used [0x0000000080000000,0x0000000083decdc8,0x0000000086600000)
 Metaspace       used 98569K, capacity 103272K, committed 103512K, reserved 1138688K
  class space    used 12917K, capacity 13931K, committed 13952K, reserved 1048576K
Event: 227.915 GC heap after
Heap after GC invocations=19 (full 4):
 PSYoungGen      total 439808K, used 31714K [0x00000000d5580000, 0x00000000fce80000, 0x0000000100000000)
  eden space 408064K, 0% used [0x00000000d5580000,0x00000000d5580000,0x00000000ee400000)
  from space 31744K, 99% used [0x00000000ee400000,0x00000000f02f8960,0x00000000f0300000)
  to   space 43520K, 0% used [0x00000000fa400000,0x00000000fa400000,0x00000000fce80000)
 ParOldGen       total 104448K, used 80923K [0x0000000080000000, 0x0000000086600000, 0x00000000d5580000)
  object space 104448K, 77% used [0x0000000080000000,0x0000000084f06e48,0x0000000086600000)
 Metaspace       used 98569K, capacity 103272K, committed 103512K, reserved 1138688K
  class space    used 12917K, capacity 13931K, committed 13952K, reserved 1048576K
}

