# JRE version: OpenJDK Runtime Environment (8.0_242-b01) (build 1.8.0_242-release-1644-b01)
# Java VM: OpenJDK 64-Bit Server VM (25.242-b01 mixed mode windows-amd64 compressed oops)
Heap:
 PSYoungGen      total 340992K, used 316377K [0x00000000d5580000, 0x00000000ec580000, 0x0000000100000000)
  eden space 315392K, 92% used [0x00000000d5580000,0x00000000e7179658,0x00000000e8980000)
  from space 25600K, 99% used [0x00000000eaa00000,0x00000000ec2fd168,0x00000000ec300000)
  to   space 30720K, 0% used [0x00000000e8980000,0x00000000e8980000,0x00000000ea780000)
 ParOldGen       total 90112K, used 37990K [0x0000000080000000, 0x0000000085800000, 0x00000000d5580000)
  object space 90112K, 42% used [0x0000000080000000,0x0000000082519990,0x0000000085800000)
 Metaspace       used 86971K, capacity 91926K, committed 92248K, reserved 1128448K
  class space    used 11868K, capacity 12853K, committed 12928K, reserved 1048576K
GC Heap History (10 events):
Event: 25.841 GC heap before
{Heap before GC invocations=11 (full 2):
 PSYoungGen      total 220672K, used 207360K [0x00000000d5580000, 0x00000000e4d80000, 0x0000000100000000)
  eden space 207360K, 100% used [0x00000000d5580000,0x00000000e2000000,0x00000000e2000000)
  from space 13312K, 0% used [0x00000000e2d00000,0x00000000e2d00000,0x00000000e3a00000)
  to   space 13312K, 0% used [0x00000000e2000000,0x00000000e2000000,0x00000000e2d00000)
 ParOldGen       total 54784K, used 14516K [0x0000000080000000, 0x0000000083580000, 0x00000000d5580000)
  object space 54784K, 26% used [0x0000000080000000,0x0000000080e2d2d0,0x0000000083580000)
 Metaspace       used 46234K, capacity 48000K, committed 48344K, reserved 1091584K
  class space    used 6244K, capacity 6576K, committed 6656K, reserved 1048576K
Event: 25.896 GC heap after
Heap after GC invocations=11 (full 2):
 PSYoungGen      total 220672K, used 13298K [0x00000000d5580000, 0x00000000e7f00000, 0x0000000100000000)
  eden space 207360K, 0% used [0x00000000d5580000,0x00000000d5580000,0x00000000e2000000)
  from space 13312K, 99% used [0x00000000e2000000,0x00000000e2cfcb58,0x00000000e2d00000)
  to   space 16896K, 0% used [0x00000000e6e80000,0x00000000e6e80000,0x00000000e7f00000)
 ParOldGen       total 54784K, used 18878K [0x0000000080000000, 0x0000000083580000, 0x00000000d5580000)
  object space 54784K, 34% used [0x0000000080000000,0x000000008126f8a0,0x0000000083580000)
 Metaspace       used 46234K, capacity 48000K, committed 48344K, reserved 1091584K
  class space    used 6244K, capacity 6576K, committed 6656K, reserved 1048576K
}
Event: 32.373 GC heap before
{Heap before GC invocations=12 (full 2):
 PSYoungGen      total 220672K, used 136063K [0x00000000d5580000, 0x00000000e7f00000, 0x0000000100000000)
  eden space 207360K, 59% used [0x00000000d5580000,0x00000000dcd633d8,0x00000000e2000000)
  from space 13312K, 99% used [0x00000000e2000000,0x00000000e2cfcb58,0x00000000e2d00000)
  to   space 16896K, 0% used [0x00000000e6e80000,0x00000000e6e80000,0x00000000e7f00000)
 ParOldGen       total 54784K, used 18878K [0x0000000080000000, 0x0000000083580000, 0x00000000d5580000)
  object space 54784K, 34% used [0x0000000080000000,0x000000008126f8a0,0x0000000083580000)
 Metaspace       used 56477K, capacity 58846K, committed 59028K, reserved 1099776K
  class space    used 7719K, capacity 8168K, committed 8192K, reserved 1048576K
Event: 32.463 GC heap after
Heap after GC invocations=12 (full 2):
 PSYoungGen      total 282624K, used 16868K [0x00000000d5580000, 0x00000000e8580000, 0x0000000100000000)
  eden space 265728K, 0% used [0x00000000d5580000,0x00000000d5580000,0x00000000e5900000)
  from space 16896K, 99% used [0x00000000e6e80000,0x00000000e7ef9388,0x00000000e7f00000)
  to   space 22016K, 0% used [0x00000000e5900000,0x00000000e5900000,0x00000000e6e80000)
 ParOldGen       total 54784K, used 25675K [0x0000000080000000, 0x0000000083580000, 0x00000000d5580000)
  object space 54784K, 46% used [0x0000000080000000,0x0000000081912e48,0x0000000083580000)
 Metaspace       used 56477K, capacity 58846K, committed 59028K, reserved 1099776K
  class space    used 7719K, capacity 8168K, committed 8192K, reserved 1048576K
}
Event: 32.463 GC heap before
{Heap before GC invocations=13 (full 3):
 PSYoungGen      total 282624K, used 16868K [0x00000000d5580000, 0x00000000e8580000, 0x0000000100000000)
  eden space 265728K, 0% used [0x00000000d5580000,0x00000000d5580000,0x00000000e5900000)
  from space 16896K, 99% used [0x00000000e6e80000,0x00000000e7ef9388,0x00000000e7f00000)
  to   space 22016K, 0% used [0x00000000e5900000,0x00000000e5900000,0x00000000e6e80000)
 ParOldGen       total 54784K, used 25675K [0x0000000080000000, 0x0000000083580000, 0x00000000d5580000)
  object space 54784K, 46% used [0x0000000080000000,0x0000000081912e48,0x0000000083580000)
 Metaspace       used 56477K, capacity 58846K, committed 59028K, reserved 1099776K
  class space    used 7719K, capacity 8168K, committed 8192K, reserved 1048576K
Event: 33.344 GC heap after
Heap after GC invocations=13 (full 3):
 PSYoungGen      total 282624K, used 0K [0x00000000d5580000, 0x00000000e8580000, 0x0000000100000000)
  eden space 265728K, 0% used [0x00000000d5580000,0x00000000d5580000,0x00000000e5900000)
  from space 16896K, 0% used [0x00000000e6e80000,0x00000000e6e80000,0x00000000e7f00000)
  to   space 22016K, 0% used [0x00000000e5900000,0x00000000e5900000,0x00000000e6e80000)
 ParOldGen       total 90112K, used 35422K [0x0000000080000000, 0x0000000085800000, 0x00000000d5580000)
  object space 90112K, 39% used [0x0000000080000000,0x00000000822978b8,0x0000000085800000)
 Metaspace       used 56471K, capacity 58828K, committed 59028K, reserved 1099776K
  class space    used 7717K, capacity 8165K, committed 8192K, reserved 1048576K
}
Event: 50.886 GC heap before
{Heap before GC invocations=14 (full 3):
 PSYoungGen      total 282624K, used 265728K [0x00000000d5580000, 0x00000000e8580000, 0x0000000100000000)
  eden space 265728K, 100% used [0x00000000d5580000,0x00000000e5900000,0x00000000e5900000)
  from space 16896K, 0% used [0x00000000e6e80000,0x00000000e6e80000,0x00000000e7f00000)
  to   space 22016K, 0% used [0x00000000e5900000,0x00000000e5900000,0x00000000e6e80000)
 ParOldGen       total 90112K, used 35422K [0x0000000080000000, 0x0000000085800000, 0x00000000d5580000)
  object space 90112K, 39% used [0x0000000080000000,0x00000000822978b8,0x0000000085800000)
 Metaspace       used 68957K, capacity 72074K, committed 72280K, reserved 1112064K
  class space    used 9460K, capacity 10034K, committed 10112K, reserved 1048576K
Event: 51.006 GC heap after
Heap after GC invocations=14 (full 3):
 PSYoungGen      total 287744K, used 21946K [0x00000000d5580000, 0x00000000ec300000, 0x0000000100000000)
  eden space 265728K, 0% used [0x00000000d5580000,0x00000000d5580000,0x00000000e5900000)
  from space 22016K, 99% used [0x00000000e5900000,0x00000000e6e6ebf8,0x00000000e6e80000)
  to   space 25600K, 0% used [0x00000000eaa00000,0x00000000eaa00000,0x00000000ec300000)
 ParOldGen       total 90112K, used 35430K [0x0000000080000000, 0x0000000085800000, 0x00000000d5580000)
  object space 90112K, 39% used [0x0000000080000000,0x00000000822998b8,0x0000000085800000)
 Metaspace       used 68957K, capacity 72074K, committed 72280K, reserved 1112064K
  class space    used 9460K, capacity 10034K, committed 10112K, reserved 1048576K
}
Event: 84.421 GC heap before
{Heap before GC invocations=15 (full 3):
 PSYoungGen      total 287744K, used 287674K [0x00000000d5580000, 0x00000000ec300000, 0x0000000100000000)
  eden space 265728K, 100% used [0x00000000d5580000,0x00000000e5900000,0x00000000e5900000)
  from space 22016K, 99% used [0x00000000e5900000,0x00000000e6e6ebf8,0x00000000e6e80000)
  to   space 25600K, 0% used [0x00000000eaa00000,0x00000000eaa00000,0x00000000ec300000)
 ParOldGen       total 90112K, used 35430K [0x0000000080000000, 0x0000000085800000, 0x00000000d5580000)
  object space 90112K, 39% used [0x0000000080000000,0x00000000822998b8,0x0000000085800000)
 Metaspace       used 77064K, capacity 80450K, committed 80728K, reserved 1118208K
  class space    used 10383K, capacity 11031K, committed 11136K, reserved 1048576K
Event: 84.565 GC heap after
Heap after GC invocations=15 (full 3):
 PSYoungGen      total 340992K, used 25588K [0x00000000d5580000, 0x00000000ec580000, 0x0000000100000000)
  eden space 315392K, 0% used [0x00000000d5580000,0x00000000d5580000,0x00000000e8980000)
  from space 25600K, 99% used [0x00000000eaa00000,0x00000000ec2fd168,0x00000000ec300000)
  to   space 30720K, 0% used [0x00000000e8980000,0x00000000e8980000,0x00000000ea780000)
 ParOldGen       total 90112K, used 37990K [0x0000000080000000, 0x0000000085800000, 0x00000000d5580000)
  object space 90112K, 42% used [0x0000000080000000,0x0000000082519990,0x0000000085800000)
 Metaspace       used 77064K, capacity 80450K, committed 80728K, reserved 1118208K
  class space    used 10383K, capacity 11031K, committed 11136K, reserved 1048576K
}

