# JRE version: OpenJDK Runtime Environment (8.0_242-b01) (build 1.8.0_242-release-1644-b01)
# Java VM: OpenJDK 64-Bit Server VM (25.242-b01 mixed mode windows-amd64 compressed oops)
Heap:
 PSYoungGen      total 328704K, used 230193K [0x00000000d5580000, 0x00000000f0c80000, 0x0000000100000000)
  eden space 298496K, 77% used [0x00000000d5580000,0x00000000e364c700,0x00000000e7900000)
  from space 30208K, 0% used [0x00000000e7900000,0x00000000e7900000,0x00000000e9680000)
  to   space 47616K, 0% used [0x00000000ede00000,0x00000000ede00000,0x00000000f0c80000)
 ParOldGen       total 143872K, used 60309K [0x0000000080000000, 0x0000000088c80000, 0x00000000d5580000)
  object space 143872K, 41% used [0x0000000080000000,0x0000000083ae5678,0x0000000088c80000)
 Metaspace       used 92432K, capacity 96848K, committed 97496K, reserved 1134592K
  class space    used 12205K, capacity 13044K, committed 13312K, reserved 1048576K
GC Heap History (10 events):
Event: 37.298 GC heap before
{Heap before GC invocations=16 (full 3):
 PSYoungGen      total 262144K, used 246272K [0x00000000d5580000, 0x00000000e7200000, 0x0000000100000000)
  eden space 246272K, 100% used [0x00000000d5580000,0x00000000e4600000,0x00000000e4600000)
  from space 15872K, 0% used [0x00000000e5b00000,0x00000000e5b00000,0x00000000e6a80000)
  to   space 21504K, 0% used [0x00000000e4600000,0x00000000e4600000,0x00000000e5b00000)
 ParOldGen       total 79360K, used 35915K [0x0000000080000000, 0x0000000084d80000, 0x00000000d5580000)
  object space 79360K, 45% used [0x0000000080000000,0x0000000082312d20,0x0000000084d80000)
 Metaspace       used 68183K, capacity 71280K, committed 71384K, reserved 1110016K
  class space    used 9364K, capacity 9953K, committed 9984K, reserved 1048576K
Event: 37.359 GC heap after
Heap after GC invocations=16 (full 3):
 PSYoungGen      total 267776K, used 19329K [0x00000000d5580000, 0x00000000eaf80000, 0x0000000100000000)
  eden space 246272K, 0% used [0x00000000d5580000,0x00000000d5580000,0x00000000e4600000)
  from space 21504K, 89% used [0x00000000e4600000,0x00000000e58e0710,0x00000000e5b00000)
  to   space 24064K, 0% used [0x00000000e9800000,0x00000000e9800000,0x00000000eaf80000)
 ParOldGen       total 79360K, used 35923K [0x0000000080000000, 0x0000000084d80000, 0x00000000d5580000)
  object space 79360K, 45% used [0x0000000080000000,0x0000000082314d20,0x0000000084d80000)
 Metaspace       used 68183K, capacity 71280K, committed 71384K, reserved 1110016K
  class space    used 9364K, capacity 9953K, committed 9984K, reserved 1048576K
}
Event: 76.792 GC heap before
{Heap before GC invocations=17 (full 3):
 PSYoungGen      total 267776K, used 265601K [0x00000000d5580000, 0x00000000eaf80000, 0x0000000100000000)
  eden space 246272K, 100% used [0x00000000d5580000,0x00000000e4600000,0x00000000e4600000)
  from space 21504K, 89% used [0x00000000e4600000,0x00000000e58e0710,0x00000000e5b00000)
  to   space 24064K, 0% used [0x00000000e9800000,0x00000000e9800000,0x00000000eaf80000)
 ParOldGen       total 79360K, used 35923K [0x0000000080000000, 0x0000000084d80000, 0x00000000d5580000)
  object space 79360K, 45% used [0x0000000080000000,0x0000000082314d20,0x0000000084d80000)
 Metaspace       used 76017K, capacity 79402K, committed 79448K, reserved 1118208K
  class space    used 10244K, capacity 10879K, committed 10880K, reserved 1048576K
Event: 77.009 GC heap after
Heap after GC invocations=17 (full 3):
 PSYoungGen      total 322560K, used 24040K [0x00000000d5580000, 0x00000000eb400000, 0x0000000100000000)
  eden space 298496K, 0% used [0x00000000d5580000,0x00000000d5580000,0x00000000e7900000)
  from space 24064K, 99% used [0x00000000e9800000,0x00000000eaf7a2f8,0x00000000eaf80000)
  to   space 30208K, 0% used [0x00000000e7900000,0x00000000e7900000,0x00000000e9680000)
 ParOldGen       total 79360K, used 42335K [0x0000000080000000, 0x0000000084d80000, 0x00000000d5580000)
  object space 79360K, 53% used [0x0000000080000000,0x0000000082957c30,0x0000000084d80000)
 Metaspace       used 76017K, capacity 79402K, committed 79448K, reserved 1118208K
  class space    used 10244K, capacity 10879K, committed 10880K, reserved 1048576K
}
Event: 87.969 GC heap before
{Heap before GC invocations=18 (full 3):
 PSYoungGen      total 322560K, used 322518K [0x00000000d5580000, 0x00000000eb400000, 0x0000000100000000)
  eden space 298496K, 99% used [0x00000000d5580000,0x00000000e78fb6b8,0x00000000e7900000)
  from space 24064K, 99% used [0x00000000e9800000,0x00000000eaf7a2f8,0x00000000eaf80000)
  to   space 30208K, 0% used [0x00000000e7900000,0x00000000e7900000,0x00000000e9680000)
 ParOldGen       total 79360K, used 42335K [0x0000000080000000, 0x0000000084d80000, 0x00000000d5580000)
  object space 79360K, 53% used [0x0000000080000000,0x0000000082957c30,0x0000000084d80000)
 Metaspace       used 86935K, capacity 91690K, committed 91864K, reserved 1128448K
  class space    used 11817K, capacity 12783K, committed 12800K, reserved 1048576K
Event: 88.040 GC heap after
Heap after GC invocations=18 (full 3):
 PSYoungGen      total 328704K, used 30184K [0x00000000d5580000, 0x00000000f0c80000, 0x0000000100000000)
  eden space 298496K, 0% used [0x00000000d5580000,0x00000000d5580000,0x00000000e7900000)
  from space 30208K, 99% used [0x00000000e7900000,0x00000000e967a1a0,0x00000000e9680000)
  to   space 47616K, 0% used [0x00000000ede00000,0x00000000ede00000,0x00000000f0c80000)
 ParOldGen       total 79360K, used 75865K [0x0000000080000000, 0x0000000084d80000, 0x00000000d5580000)
  object space 79360K, 95% used [0x0000000080000000,0x0000000084a16688,0x0000000084d80000)
 Metaspace       used 86935K, capacity 91690K, committed 91864K, reserved 1128448K
  class space    used 11817K, capacity 12783K, committed 12800K, reserved 1048576K
}
Event: 88.040 GC heap before
{Heap before GC invocations=19 (full 4):
 PSYoungGen      total 328704K, used 30184K [0x00000000d5580000, 0x00000000f0c80000, 0x0000000100000000)
  eden space 298496K, 0% used [0x00000000d5580000,0x00000000d5580000,0x00000000e7900000)
  from space 30208K, 99% used [0x00000000e7900000,0x00000000e967a1a0,0x00000000e9680000)
  to   space 47616K, 0% used [0x00000000ede00000,0x00000000ede00000,0x00000000f0c80000)
 ParOldGen       total 79360K, used 75865K [0x0000000080000000, 0x0000000084d80000, 0x00000000d5580000)
  object space 79360K, 95% used [0x0000000080000000,0x0000000084a16688,0x0000000084d80000)
 Metaspace       used 86935K, capacity 91690K, committed 91864K, reserved 1128448K
  class space    used 11817K, capacity 12783K, committed 12800K, reserved 1048576K
Event: 89.474 GC heap after
Heap after GC invocations=19 (full 4):
 PSYoungGen      total 328704K, used 14507K [0x00000000d5580000, 0x00000000f0c80000, 0x0000000100000000)
  eden space 298496K, 0% used [0x00000000d5580000,0x00000000d5580000,0x00000000e7900000)
  from space 30208K, 48% used [0x00000000e7900000,0x00000000e872adf0,0x00000000e9680000)
  to   space 47616K, 0% used [0x00000000ede00000,0x00000000ede00000,0x00000000f0c80000)
 ParOldGen       total 79360K, used 77704K [0x0000000080000000, 0x0000000084d80000, 0x00000000d5580000)
  object space 79360K, 97% used [0x0000000080000000,0x0000000084be21d0,0x0000000084d80000)
 Metaspace       used 86475K, capacity 90738K, committed 91864K, reserved 1128448K
  class space    used 11649K, capacity 12477K, committed 12800K, reserved 1048576K
}
Event: 125.378 GC heap before
{Heap before GC invocations=20 (full 5):
 PSYoungGen      total 328704K, used 313003K [0x00000000d5580000, 0x00000000f0c80000, 0x0000000100000000)
  eden space 298496K, 100% used [0x00000000d5580000,0x00000000e7900000,0x00000000e7900000)
  from space 30208K, 48% used [0x00000000e7900000,0x00000000e872adf0,0x00000000e9680000)
  to   space 47616K, 0% used [0x00000000ede00000,0x00000000ede00000,0x00000000f0c80000)
 ParOldGen       total 79360K, used 77704K [0x0000000080000000, 0x0000000084d80000, 0x00000000d5580000)
  object space 79360K, 97% used [0x0000000080000000,0x0000000084be21d0,0x0000000084d80000)
 Metaspace       used 92067K, capacity 96520K, committed 97240K, reserved 1132544K
  class space    used 12192K, capacity 13032K, committed 13312K, reserved 1048576K
Event: 126.190 GC heap after
Heap after GC invocations=20 (full 5):
 PSYoungGen      total 328704K, used 0K [0x00000000d5580000, 0x00000000f0c80000, 0x0000000100000000)
  eden space 298496K, 0% used [0x00000000d5580000,0x00000000d5580000,0x00000000e7900000)
  from space 30208K, 0% used [0x00000000e7900000,0x00000000e7900000,0x00000000e9680000)
  to   space 47616K, 0% used [0x00000000ede00000,0x00000000ede00000,0x00000000f0c80000)
 ParOldGen       total 143872K, used 60309K [0x0000000080000000, 0x0000000088c80000, 0x00000000d5580000)
  object space 143872K, 41% used [0x0000000080000000,0x0000000083ae5678,0x0000000088c80000)
 Metaspace       used 92064K, capacity 96512K, committed 97240K, reserved 1132544K
  class space    used 12191K, capacity 13030K, committed 13312K, reserved 1048576K
}

