# JRE version: OpenJDK Runtime Environment (8.0_242-b01) (build 1.8.0_242-release-1644-b01)
# Java VM: OpenJDK 64-Bit Server VM (25.242-b01 mixed mode windows-amd64 compressed oops)
Heap:
 PSYoungGen      total 288256K, used 175687K [0x00000000d5580000, 0x00000000ec600000, 0x0000000100000000)
  eden space 262144K, 64% used [0x00000000d5580000,0x00000000dfa9aac0,0x00000000e5580000)
  from space 26112K, 25% used [0x00000000eac80000,0x00000000eb2f72b0,0x00000000ec600000)
  to   space 42496K, 0% used [0x00000000e7300000,0x00000000e7300000,0x00000000e9c80000)
 ParOldGen       total 164864K, used 89205K [0x0000000080000000, 0x000000008a100000, 0x00000000d5580000)
  object space 164864K, 54% used [0x0000000080000000,0x000000008571d478,0x000000008a100000)
 Metaspace       used 91445K, capacity 96444K, committed 96600K, reserved 1132544K
  class space    used 12142K, capacity 13076K, committed 13184K, reserved 1048576K
GC Heap History (10 events):
Event: 1289.044 GC heap before
{Heap before GC invocations=18 (full 3):
 PSYoungGen      total 323584K, used 323552K [0x00000000d5580000, 0x00000000eb300000, 0x0000000100000000)
  eden space 299520K, 100% used [0x00000000d5580000,0x00000000e7a00000,0x00000000e7a00000)
  from space 24064K, 99% used [0x00000000e9a00000,0x00000000eb1783a0,0x00000000eb180000)
  to   space 29184K, 0% used [0x00000000e7a00000,0x00000000e7a00000,0x00000000e9680000)
 ParOldGen       total 80896K, used 40228K [0x0000000080000000, 0x0000000084f00000, 0x00000000d5580000)
  object space 80896K, 49% used [0x0000000080000000,0x00000000827491b8,0x0000000084f00000)
 Metaspace       used 75357K, capacity 78890K, committed 79192K, reserved 1118208K
  class space    used 9911K, capacity 10546K, committed 10624K, reserved 1048576K
Event: 1289.159 GC heap after
Heap after GC invocations=18 (full 3):
 PSYoungGen      total 328704K, used 6736K [0x00000000d5580000, 0x00000000ee100000, 0x0000000100000000)
  eden space 299520K, 0% used [0x00000000d5580000,0x00000000d5580000,0x00000000e7a00000)
  from space 29184K, 23% used [0x00000000e7a00000,0x00000000e8094060,0x00000000e9680000)
  to   space 28160K, 0% used [0x00000000ec580000,0x00000000ec580000,0x00000000ee100000)
 ParOldGen       total 80896K, used 57461K [0x0000000080000000, 0x0000000084f00000, 0x00000000d5580000)
  object space 80896K, 71% used [0x0000000080000000,0x000000008381d458,0x0000000084f00000)
 Metaspace       used 75357K, capacity 78890K, committed 79192K, reserved 1118208K
  class space    used 9911K, capacity 10546K, committed 10624K, reserved 1048576K
}
Event: 1443.771 GC heap before
{Heap before GC invocations=19 (full 3):
 PSYoungGen      total 328704K, used 306256K [0x00000000d5580000, 0x00000000ee100000, 0x0000000100000000)
  eden space 299520K, 100% used [0x00000000d5580000,0x00000000e7a00000,0x00000000e7a00000)
  from space 29184K, 23% used [0x00000000e7a00000,0x00000000e8094060,0x00000000e9680000)
  to   space 28160K, 0% used [0x00000000ec580000,0x00000000ec580000,0x00000000ee100000)
 ParOldGen       total 80896K, used 57461K [0x0000000080000000, 0x0000000084f00000, 0x00000000d5580000)
  object space 80896K, 71% used [0x0000000080000000,0x000000008381d458,0x0000000084f00000)
 Metaspace       used 76085K, capacity 79856K, committed 79960K, reserved 1118208K
  class space    used 9944K, capacity 10605K, committed 10624K, reserved 1048576K
Event: 1443.802 GC heap after
Heap after GC invocations=19 (full 3):
 PSYoungGen      total 292352K, used 5888K [0x00000000d5580000, 0x00000000ecb80000, 0x0000000100000000)
  eden space 286208K, 0% used [0x00000000d5580000,0x00000000d5580000,0x00000000e6d00000)
  from space 6144K, 95% used [0x00000000ec580000,0x00000000ecb40040,0x00000000ecb80000)
  to   space 27648K, 0% used [0x00000000e9580000,0x00000000e9580000,0x00000000eb080000)
 ParOldGen       total 80896K, used 57469K [0x0000000080000000, 0x0000000084f00000, 0x00000000d5580000)
  object space 80896K, 71% used [0x0000000080000000,0x000000008381f458,0x0000000084f00000)
 Metaspace       used 76085K, capacity 79856K, committed 79960K, reserved 1118208K
  class space    used 9944K, capacity 10605K, committed 10624K, reserved 1048576K
}
Event: 1850.509 GC heap before
{Heap before GC invocations=20 (full 3):
 PSYoungGen      total 292352K, used 292081K [0x00000000d5580000, 0x00000000ecb80000, 0x0000000100000000)
  eden space 286208K, 99% used [0x00000000d5580000,0x00000000e6cfc5d0,0x00000000e6d00000)
  from space 6144K, 95% used [0x00000000ec580000,0x00000000ecb40040,0x00000000ecb80000)
  to   space 27648K, 0% used [0x00000000e9580000,0x00000000e9580000,0x00000000eb080000)
 ParOldGen       total 80896K, used 57469K [0x0000000080000000, 0x0000000084f00000, 0x00000000d5580000)
  object space 80896K, 71% used [0x0000000080000000,0x000000008381f458,0x0000000084f00000)
 Metaspace       used 76494K, capacity 80538K, committed 80856K, reserved 1120256K
  class space    used 9983K, capacity 10674K, committed 10752K, reserved 1048576K
Event: 1850.541 GC heap after
Heap after GC invocations=20 (full 3):
 PSYoungGen      total 281600K, used 7648K [0x00000000d5580000, 0x00000000ec600000, 0x0000000100000000)
  eden space 273920K, 0% used [0x00000000d5580000,0x00000000d5580000,0x00000000e6100000)
  from space 7680K, 99% used [0x00000000e9580000,0x00000000e9cf8070,0x00000000e9d00000)
  to   space 26112K, 0% used [0x00000000eac80000,0x00000000eac80000,0x00000000ec600000)
 ParOldGen       total 80896K, used 57477K [0x0000000080000000, 0x0000000084f00000, 0x00000000d5580000)
  object space 80896K, 71% used [0x0000000080000000,0x0000000083821458,0x0000000084f00000)
 Metaspace       used 76494K, capacity 80538K, committed 80856K, reserved 1120256K
  class space    used 9983K, capacity 10674K, committed 10752K, reserved 1048576K
}
Event: 1862.556 GC heap before
{Heap before GC invocations=21 (full 3):
 PSYoungGen      total 281600K, used 281568K [0x00000000d5580000, 0x00000000ec600000, 0x0000000100000000)
  eden space 273920K, 100% used [0x00000000d5580000,0x00000000e6100000,0x00000000e6100000)
  from space 7680K, 99% used [0x00000000e9580000,0x00000000e9cf8070,0x00000000e9d00000)
  to   space 26112K, 0% used [0x00000000eac80000,0x00000000eac80000,0x00000000ec600000)
 ParOldGen       total 80896K, used 57477K [0x0000000080000000, 0x0000000084f00000, 0x00000000d5580000)
  object space 80896K, 71% used [0x0000000080000000,0x0000000083821458,0x0000000084f00000)
 Metaspace       used 90099K, capacity 95258K, committed 95320K, reserved 1132544K
  class space    used 11968K, capacity 12923K, committed 12928K, reserved 1048576K
Event: 1862.732 GC heap after
Heap after GC invocations=21 (full 3):
 PSYoungGen      total 288256K, used 26099K [0x00000000d5580000, 0x00000000ec600000, 0x0000000100000000)
  eden space 262144K, 0% used [0x00000000d5580000,0x00000000d5580000,0x00000000e5580000)
  from space 26112K, 99% used [0x00000000eac80000,0x00000000ec5fceb8,0x00000000ec600000)
  to   space 42496K, 0% used [0x00000000e7300000,0x00000000e7300000,0x00000000e9c80000)
 ParOldGen       total 89600K, used 89498K [0x0000000080000000, 0x0000000085780000, 0x00000000d5580000)
  object space 89600K, 99% used [0x0000000080000000,0x0000000085766b38,0x0000000085780000)
 Metaspace       used 90099K, capacity 95258K, committed 95320K, reserved 1132544K
  class space    used 11968K, capacity 12923K, committed 12928K, reserved 1048576K
}
Event: 1862.732 GC heap before
{Heap before GC invocations=22 (full 4):
 PSYoungGen      total 288256K, used 26099K [0x00000000d5580000, 0x00000000ec600000, 0x0000000100000000)
  eden space 262144K, 0% used [0x00000000d5580000,0x00000000d5580000,0x00000000e5580000)
  from space 26112K, 99% used [0x00000000eac80000,0x00000000ec5fceb8,0x00000000ec600000)
  to   space 42496K, 0% used [0x00000000e7300000,0x00000000e7300000,0x00000000e9c80000)
 ParOldGen       total 89600K, used 89498K [0x0000000080000000, 0x0000000085780000, 0x00000000d5580000)
  object space 89600K, 99% used [0x0000000080000000,0x0000000085766b38,0x0000000085780000)
 Metaspace       used 90099K, capacity 95258K, committed 95320K, reserved 1132544K
  class space    used 11968K, capacity 12923K, committed 12928K, reserved 1048576K
Event: 1864.111 GC heap after
Heap after GC invocations=22 (full 4):
 PSYoungGen      total 288256K, used 6620K [0x00000000d5580000, 0x00000000ec600000, 0x0000000100000000)
  eden space 262144K, 0% used [0x00000000d5580000,0x00000000d5580000,0x00000000e5580000)
  from space 26112K, 25% used [0x00000000eac80000,0x00000000eb2f72b0,0x00000000ec600000)
  to   space 42496K, 0% used [0x00000000e7300000,0x00000000e7300000,0x00000000e9c80000)
 ParOldGen       total 164864K, used 89205K [0x0000000080000000, 0x000000008a100000, 0x00000000d5580000)
  object space 164864K, 54% used [0x0000000080000000,0x000000008571d478,0x000000008a100000)
 Metaspace       used 90001K, capacity 94978K, committed 95320K, reserved 1132544K
  class space    used 11937K, capacity 12867K, committed 12928K, reserved 1048576K
}

