# JRE version: OpenJDK Runtime Environment (8.0_242-b01) (build 1.8.0_242-release-1644-b01)
# Java VM: OpenJDK 64-Bit Server VM (25.242-b01 mixed mode windows-amd64 compressed oops)
Heap:
 PSYoungGen      total 289280K, used 239833K [0x00000000d5580000, 0x00000000eb100000, 0x0000000100000000)
  eden space 244224K, 80% used [0x00000000d5580000,0x00000000e1654538,0x00000000e4400000)
  from space 45056K, 94% used [0x00000000e4400000,0x00000000e6d62090,0x00000000e7000000)
  to   space 24576K, 0% used [0x00000000e7000000,0x00000000e7000000,0x00000000e8800000)
 ParOldGen       total 100864K, used 61322K [0x0000000080000000, 0x0000000086280000, 0x00000000d5580000)
  object space 100864K, 60% used [0x0000000080000000,0x0000000083be2bd8,0x0000000086280000)
 Metaspace       used 87330K, capacity 91700K, committed 91992K, reserved 1128448K
  class space    used 11788K, capacity 12630K, committed 12672K, reserved 1048576K
GC Heap History (10 events):
Event: 43.891 GC heap before
{Heap before GC invocations=14 (full 3):
 PSYoungGen      total 241664K, used 224768K [0x00000000d5580000, 0x00000000e5f00000, 0x0000000100000000)
  eden space 224768K, 100% used [0x00000000d5580000,0x00000000e3100000,0x00000000e3100000)
  from space 16896K, 0% used [0x00000000e4680000,0x00000000e4680000,0x00000000e5700000)
  to   space 22016K, 0% used [0x00000000e3100000,0x00000000e3100000,0x00000000e4680000)
 ParOldGen       total 100864K, used 35918K [0x0000000080000000, 0x0000000086280000, 0x00000000d5580000)
  object space 100864K, 35% used [0x0000000080000000,0x0000000082313920,0x0000000086280000)
 Metaspace       used 64002K, capacity 67062K, committed 67288K, reserved 1107968K
  class space    used 8780K, capacity 9368K, committed 9472K, reserved 1048576K
Event: 43.965 GC heap after
Heap after GC invocations=14 (full 3):
 PSYoungGen      total 246784K, used 19170K [0x00000000d5580000, 0x00000000e8800000, 0x0000000100000000)
  eden space 224768K, 0% used [0x00000000d5580000,0x00000000d5580000,0x00000000e3100000)
  from space 22016K, 87% used [0x00000000e3100000,0x00000000e43b8968,0x00000000e4680000)
  to   space 24576K, 0% used [0x00000000e7000000,0x00000000e7000000,0x00000000e8800000)
 ParOldGen       total 100864K, used 35926K [0x0000000080000000, 0x0000000086280000, 0x00000000d5580000)
  object space 100864K, 35% used [0x0000000080000000,0x0000000082315920,0x0000000086280000)
 Metaspace       used 64002K, capacity 67062K, committed 67288K, reserved 1107968K
  class space    used 8780K, capacity 9368K, committed 9472K, reserved 1048576K
}
Event: 49.813 GC heap before
{Heap before GC invocations=15 (full 3):
 PSYoungGen      total 246784K, used 240291K [0x00000000d5580000, 0x00000000e8800000, 0x0000000100000000)
  eden space 224768K, 98% used [0x00000000d5580000,0x00000000e2d704f0,0x00000000e3100000)
  from space 22016K, 87% used [0x00000000e3100000,0x00000000e43b8968,0x00000000e4680000)
  to   space 24576K, 0% used [0x00000000e7000000,0x00000000e7000000,0x00000000e8800000)
 ParOldGen       total 100864K, used 35926K [0x0000000080000000, 0x0000000086280000, 0x00000000d5580000)
  object space 100864K, 35% used [0x0000000080000000,0x0000000082315920,0x0000000086280000)
 Metaspace       used 71045K, capacity 74704K, committed 74840K, reserved 1114112K
  class space    used 9877K, capacity 10565K, committed 10624K, reserved 1048576K
Event: 49.929 GC heap after
Heap after GC invocations=15 (full 3):
 PSYoungGen      total 268800K, used 24553K [0x00000000d5580000, 0x00000000eb100000, 0x0000000100000000)
  eden space 244224K, 0% used [0x00000000d5580000,0x00000000d5580000,0x00000000e4400000)
  from space 24576K, 99% used [0x00000000e7000000,0x00000000e87fa4a0,0x00000000e8800000)
  to   space 45056K, 0% used [0x00000000e4400000,0x00000000e4400000,0x00000000e7000000)
 ParOldGen       total 100864K, used 80829K [0x0000000080000000, 0x0000000086280000, 0x00000000d5580000)
  object space 100864K, 80% used [0x0000000080000000,0x0000000084eef550,0x0000000086280000)
 Metaspace       used 71045K, capacity 74704K, committed 74840K, reserved 1114112K
  class space    used 9877K, capacity 10565K, committed 10624K, reserved 1048576K
}
Event: 49.929 GC heap before
{Heap before GC invocations=16 (full 4):
 PSYoungGen      total 268800K, used 24553K [0x00000000d5580000, 0x00000000eb100000, 0x0000000100000000)
  eden space 244224K, 0% used [0x00000000d5580000,0x00000000d5580000,0x00000000e4400000)
  from space 24576K, 99% used [0x00000000e7000000,0x00000000e87fa4a0,0x00000000e8800000)
  to   space 45056K, 0% used [0x00000000e4400000,0x00000000e4400000,0x00000000e7000000)
 ParOldGen       total 100864K, used 80829K [0x0000000080000000, 0x0000000086280000, 0x00000000d5580000)
  object space 100864K, 80% used [0x0000000080000000,0x0000000084eef550,0x0000000086280000)
 Metaspace       used 71045K, capacity 74704K, committed 74840K, reserved 1114112K
  class space    used 9877K, capacity 10565K, committed 10624K, reserved 1048576K
Event: 50.523 GC heap after
Heap after GC invocations=16 (full 4):
 PSYoungGen      total 268800K, used 0K [0x00000000d5580000, 0x00000000eb100000, 0x0000000100000000)
  eden space 244224K, 0% used [0x00000000d5580000,0x00000000d5580000,0x00000000e4400000)
  from space 24576K, 0% used [0x00000000e7000000,0x00000000e7000000,0x00000000e8800000)
  to   space 45056K, 0% used [0x00000000e4400000,0x00000000e4400000,0x00000000e7000000)
 ParOldGen       total 100864K, used 96853K [0x0000000080000000, 0x0000000086280000, 0x00000000d5580000)
  object space 100864K, 96% used [0x0000000080000000,0x0000000085e95590,0x0000000086280000)
 Metaspace       used 70979K, capacity 74508K, committed 74840K, reserved 1114112K
  class space    used 9856K, capacity 10527K, committed 10624K, reserved 1048576K
}
Event: 169.210 GC heap before
{Heap before GC invocations=17 (full 5):
 PSYoungGen      total 268800K, used 244224K [0x00000000d5580000, 0x00000000eb100000, 0x0000000100000000)
  eden space 244224K, 100% used [0x00000000d5580000,0x00000000e4400000,0x00000000e4400000)
  from space 24576K, 0% used [0x00000000e7000000,0x00000000e7000000,0x00000000e8800000)
  to   space 45056K, 0% used [0x00000000e4400000,0x00000000e4400000,0x00000000e7000000)
 ParOldGen       total 100864K, used 96853K [0x0000000080000000, 0x0000000086280000, 0x00000000d5580000)
  object space 100864K, 96% used [0x0000000080000000,0x0000000085e95590,0x0000000086280000)
 Metaspace       used 80632K, capacity 84644K, committed 84696K, reserved 1122304K
  class space    used 10926K, capacity 11734K, committed 11776K, reserved 1048576K
Event: 169.767 GC heap after
Heap after GC invocations=17 (full 5):
 PSYoungGen      total 268800K, used 0K [0x00000000d5580000, 0x00000000eb100000, 0x0000000100000000)
  eden space 244224K, 0% used [0x00000000d5580000,0x00000000d5580000,0x00000000e4400000)
  from space 24576K, 0% used [0x00000000e7000000,0x00000000e7000000,0x00000000e8800000)
  to   space 45056K, 0% used [0x00000000e4400000,0x00000000e4400000,0x00000000e7000000)
 ParOldGen       total 100864K, used 61314K [0x0000000080000000, 0x0000000086280000, 0x00000000d5580000)
  object space 100864K, 60% used [0x0000000080000000,0x0000000083be0bd8,0x0000000086280000)
 Metaspace       used 80617K, capacity 84602K, committed 84696K, reserved 1122304K
  class space    used 10921K, capacity 11725K, committed 11776K, reserved 1048576K
}
Event: 181.681 GC heap before
{Heap before GC invocations=18 (full 5):
 PSYoungGen      total 268800K, used 240815K [0x00000000d5580000, 0x00000000eb100000, 0x0000000100000000)
  eden space 244224K, 98% used [0x00000000d5580000,0x00000000e40abc98,0x00000000e4400000)
  from space 24576K, 0% used [0x00000000e7000000,0x00000000e7000000,0x00000000e8800000)
  to   space 45056K, 0% used [0x00000000e4400000,0x00000000e4400000,0x00000000e7000000)
 ParOldGen       total 100864K, used 61314K [0x0000000080000000, 0x0000000086280000, 0x00000000d5580000)
  object space 100864K, 60% used [0x0000000080000000,0x0000000083be0bd8,0x0000000086280000)
 Metaspace       used 87278K, capacity 91690K, committed 91736K, reserved 1128448K
  class space    used 11787K, capacity 12629K, committed 12672K, reserved 1048576K
Event: 181.772 GC heap after
Heap after GC invocations=18 (full 5):
 PSYoungGen      total 289280K, used 42376K [0x00000000d5580000, 0x00000000eb100000, 0x0000000100000000)
  eden space 244224K, 0% used [0x00000000d5580000,0x00000000d5580000,0x00000000e4400000)
  from space 45056K, 94% used [0x00000000e4400000,0x00000000e6d62090,0x00000000e7000000)
  to   space 24576K, 0% used [0x00000000e7000000,0x00000000e7000000,0x00000000e8800000)
 ParOldGen       total 100864K, used 61322K [0x0000000080000000, 0x0000000086280000, 0x00000000d5580000)
  object space 100864K, 60% used [0x0000000080000000,0x0000000083be2bd8,0x0000000086280000)
 Metaspace       used 87278K, capacity 91690K, committed 91736K, reserved 1128448K
  class space    used 11787K, capacity 12629K, committed 12672K, reserved 1048576K
}

